###############################################################################
#                                                                             #
# IAR C/C++ Compiler V8.10.3.10338/W32 for 8051         11/May/2021  09:16:41 #
# Copyright 2004-2011 IAR Systems AB.                                         #
#                                                                             #
#    Core               =  plain                                              #
#    Code model         =  banked                                             #
#    Data model         =  large                                              #
#    Calling convention =  xdata reentrant                                    #
#    Constant location  =  data_rom                                           #
#    Dptr setup         =  1,16                                               #
#    Source file        =  G:\five_one\Projects\zstack\Samples\GenericApp\CC2 #
#                          530DB\Enddevice.c                                  #
#    Command line       =  -f G:\five_one\Projects\zstack\Samples\GenericApp\ #
#                          CC2530DB\..\..\..\Tools\CC2530DB\f8wCoord.cfg      #
#                          (-DCPU32MHZ -DROOT=__near_func                     #
#                          -DMAC_CFG_APP_PENDING_QUEUE=TRUE                   #
#                          -DZDO_COORDINATOR -DRTR_NWK -DBLINK_LEDS) -f       #
#                          G:\five_one\Projects\zstack\Samples\GenericApp\CC2 #
#                          530DB\..\..\..\Tools\CC2530DB\f8wConfig.cfg        #
#                          (-DSECURE=0 -DZG_SECURE_DYNAMIC=0 -DREFLECTOR      #
#                          -DDEFAULT_CHANLIST=0x00008000                      #
#                          -DZDAPP_CONFIG_PAN_ID=0x1005                       #
#                          -DNWK_START_DELAY=100 -DEXTENDED_JOINING_RANDOM_MA #
#                          SK=0x007F -DBEACON_REQUEST_DELAY=100               #
#                          -DBEACON_REQ_DELAY_MASK=0x00FF                     #
#                          -DROUTE_EXPIRY_TIME=30 -DAPSC_ACK_WAIT_DURATION_PO #
#                          LLED=3000 -DNWK_INDIRECT_MSG_TIMEOUT=7             #
#                          -DMAX_RREQ_ENTRIES=8 -DAPSC_MAX_FRAME_RETRIES=3    #
#                          -DNWK_MAX_DATA_RETRIES=2                           #
#                          -DMAX_POLL_FAILURE_RETRIES=2 -DMAX_BCAST=9         #
#                          -DAPS_MAX_GROUPS=16 -DMAX_RTG_ENTRIES=40           #
#                          -DNWK_MAX_BINDING_ENTRIES=4                        #
#                          -DMAX_BINDING_CLUSTER_IDS=4 "-DDEFAULT_KEY={0x01,  #
#                          0x03, 0x05, 0x07, 0x09, 0x0B, 0x0D, 0x0F, 0x00,    #
#                          0x02, 0x04, 0x06, 0x08, 0x0A, 0x0C, 0x0D}"         #
#                          -DMAC_MAX_FRAME_SIZE=116 "-DCONST=const __code"    #
#                          -DGENERIC=__generic -DRFD_RCVC_ALWAYS_ON=FALSE     #
#                          -DPOLL_RATE=1000 -DQUEUED_POLL_RATE=100            #
#                          -DRESPONSE_POLL_RATE=100) -DREJOIN_POLL_RATE=440   #
#                          G:\five_one\Projects\zstack\Samples\GenericApp\CC2 #
#                          530DB\Enddevice.c -D ZTOOL_P1 -D MT_TASK -D        #
#                          MT_SYS_FUNC -D MT_ZDO_FUNC -D LCD_SUPPORTED=DEBUG  #
#                          -lC G:\five_one\Projects\zstack\Samples\GenericApp #
#                          \CC2530DB\CoordinatorEB\List\ -lA                  #
#                          G:\five_one\Projects\zstack\Samples\GenericApp\CC2 #
#                          530DB\CoordinatorEB\List\ --diag_suppress          #
#                          Pe001,Pa010 -o G:\five_one\Projects\zstack\Samples #
#                          \GenericApp\CC2530DB\CoordinatorEB\Obj\ -e         #
#                          --debug --core=plain --dptr=16,1                   #
#                          --data_model=large --code_model=banked             #
#                          --calling_convention=xdata_reentrant               #
#                          --place_constants=data_rom --nr_virtual_regs 16    #
#                          -I G:\five_one\Projects\zstack\Samples\GenericApp\ #
#                          CC2530DB\ -I G:\five_one\Projects\zstack\Samples\G #
#                          enericApp\CC2530DB\..\SOURCE\ -I                   #
#                          G:\five_one\Projects\zstack\Samples\GenericApp\CC2 #
#                          530DB\..\..\..\ZMAIN\TI2530DB\ -I                  #
#                          G:\five_one\Projects\zstack\Samples\GenericApp\CC2 #
#                          530DB\..\..\..\..\..\COMPONENTS\MT\ -I             #
#                          G:\five_one\Projects\zstack\Samples\GenericApp\CC2 #
#                          530DB\..\..\..\..\..\COMPONENTS\HAL\INCLUDE\ -I    #
#                          G:\five_one\Projects\zstack\Samples\GenericApp\CC2 #
#                          530DB\..\..\..\..\..\COMPONENTS\HAL\TARGET\CC2530E #
#                          B\ -I G:\five_one\Projects\zstack\Samples\GenericA #
#                          pp\CC2530DB\..\..\..\..\..\COMPONENTS\OSAL\MCU\CCS #
#                          OC\ -I G:\five_one\Projects\zstack\Samples\Generic #
#                          App\CC2530DB\..\..\..\..\..\COMPONENTS\OSAL\INCLUD #
#                          E\ -I G:\five_one\Projects\zstack\Samples\GenericA #
#                          pp\CC2530DB\..\..\..\..\..\COMPONENTS\STACK\AF\    #
#                          -I G:\five_one\Projects\zstack\Samples\GenericApp\ #
#                          CC2530DB\..\..\..\..\..\COMPONENTS\STACK\NWK\ -I   #
#                          G:\five_one\Projects\zstack\Samples\GenericApp\CC2 #
#                          530DB\..\..\..\..\..\COMPONENTS\STACK\SEC\ -I      #
#                          G:\five_one\Projects\zstack\Samples\GenericApp\CC2 #
#                          530DB\..\..\..\..\..\COMPONENTS\STACK\SAPI\ -I     #
#                          G:\five_one\Projects\zstack\Samples\GenericApp\CC2 #
#                          530DB\..\..\..\..\..\COMPONENTS\STACK\SYS\ -I      #
#                          G:\five_one\Projects\zstack\Samples\GenericApp\CC2 #
#                          530DB\..\..\..\..\..\COMPONENTS\STACK\ZDO\ -I      #
#                          G:\five_one\Projects\zstack\Samples\GenericApp\CC2 #
#                          530DB\..\..\..\..\..\COMPONENTS\ZMAC\F8W\ -I       #
#                          G:\five_one\Projects\zstack\Samples\GenericApp\CC2 #
#                          530DB\..\..\..\..\..\COMPONENTS\ZMAC\ -I           #
#                          G:\five_one\Projects\zstack\Samples\GenericApp\CC2 #
#                          530DB\..\..\..\..\..\COMPONENTS\SERVICES\SADDR\    #
#                          -I G:\five_one\Projects\zstack\Samples\GenericApp\ #
#                          CC2530DB\..\..\..\..\..\COMPONENTS\SERVICES\SDATA\ #
#                           -I G:\five_one\Projects\zstack\Samples\GenericApp #
#                          \CC2530DB\..\..\..\..\..\COMPONENTS\MAC\INCLUDE\   #
#                          -I G:\five_one\Projects\zstack\Samples\GenericApp\ #
#                          CC2530DB\..\..\..\..\..\COMPONENTS\MAC\HIGH_LEVEL\ #
#                           -I G:\five_one\Projects\zstack\Samples\GenericApp #
#                          \CC2530DB\..\..\..\..\..\COMPONENTS\MAC\LOW_LEVEL\ #
#                          srf04\ -I G:\five_one\Projects\zstack\Samples\Gene #
#                          ricApp\CC2530DB\..\..\..\..\..\COMPONENTS\MAC\LOW_ #
#                          LEVEL\srf04\SINGLE_CHIP\ -Ohz --require_prototypes #
#    List file          =  G:\five_one\Projects\zstack\Samples\GenericApp\CC2 #
#                          530DB\CoordinatorEB\List\Enddevice.lst             #
#    Object file        =  G:\five_one\Projects\zstack\Samples\GenericApp\CC2 #
#                          530DB\CoordinatorEB\Obj\Enddevice.r51              #
#                                                                             #
#                                                                             #
###############################################################################



 
 
 0 bytes of memory

Errors: none
Warnings: none
